

Started GET "/" for 127.0.0.1 at 2016-05-24 15:49:15 -0300

ActiveRecord::PendingMigrationError (

Migrations are pending. To resolve this issue, run:

	bin/rake db:migrate RAILS_ENV=development

):
  activerecord (4.2.6) lib/active_record/migration.rb:392:in `check_pending!'
  activerecord (4.2.6) lib/active_record/migration.rb:373:in `call'
  actionpack (4.2.6) lib/action_dispatch/middleware/callbacks.rb:29:in `block in call'
  activesupport (4.2.6) lib/active_support/callbacks.rb:88:in `__run_callbacks__'
  activesupport (4.2.6) lib/active_support/callbacks.rb:778:in `_run_call_callbacks'
  activesupport (4.2.6) lib/active_support/callbacks.rb:81:in `run_callbacks'
  actionpack (4.2.6) lib/action_dispatch/middleware/callbacks.rb:27:in `call'
  actionpack (4.2.6) lib/action_dispatch/middleware/reloader.rb:73:in `call'
  actionpack (4.2.6) lib/action_dispatch/middleware/remote_ip.rb:78:in `call'
  actionpack (4.2.6) lib/action_dispatch/middleware/debug_exceptions.rb:17:in `call'
  web-console (2.3.0) lib/web_console/middleware.rb:28:in `block in call'
  web-console (2.3.0) lib/web_console/middleware.rb:18:in `catch'
  web-console (2.3.0) lib/web_console/middleware.rb:18:in `call'
  actionpack (4.2.6) lib/action_dispatch/middleware/show_exceptions.rb:30:in `call'
  railties (4.2.6) lib/rails/rack/logger.rb:38:in `call_app'
  railties (4.2.6) lib/rails/rack/logger.rb:20:in `block in call'
  activesupport (4.2.6) lib/active_support/tagged_logging.rb:68:in `block in tagged'
  activesupport (4.2.6) lib/active_support/tagged_logging.rb:26:in `tagged'
  activesupport (4.2.6) lib/active_support/tagged_logging.rb:68:in `tagged'
  railties (4.2.6) lib/rails/rack/logger.rb:20:in `call'
  actionpack (4.2.6) lib/action_dispatch/middleware/request_id.rb:21:in `call'
  rack (1.6.4) lib/rack/methodoverride.rb:22:in `call'
  rack (1.6.4) lib/rack/runtime.rb:18:in `call'
  activesupport (4.2.6) lib/active_support/cache/strategy/local_cache_middleware.rb:28:in `call'
  rack (1.6.4) lib/rack/lock.rb:17:in `call'
  actionpack (4.2.6) lib/action_dispatch/middleware/static.rb:120:in `call'
  rack (1.6.4) lib/rack/sendfile.rb:113:in `call'
  railties (4.2.6) lib/rails/engine.rb:518:in `call'
  railties (4.2.6) lib/rails/application.rb:165:in `call'
  rack (1.6.4) lib/rack/lock.rb:17:in `call'
  rack (1.6.4) lib/rack/content_length.rb:15:in `call'
  rack (1.6.4) lib/rack/handler/webrick.rb:88:in `service'
  /home/felipe/.rbenv/versions/2.2.3/lib/ruby/2.2.0/webrick/httpserver.rb:138:in `service'
  /home/felipe/.rbenv/versions/2.2.3/lib/ruby/2.2.0/webrick/httpserver.rb:94:in `run'
  /home/felipe/.rbenv/versions/2.2.3/lib/ruby/2.2.0/webrick/server.rb:294:in `block in start_thread'


  Rendered /home/felipe/.rbenv/versions/2.2.3/lib/ruby/gems/2.2.0/gems/actionpack-4.2.6/lib/action_dispatch/middleware/templates/rescues/_source.erb (2.9ms)
  Rendered /home/felipe/.rbenv/versions/2.2.3/lib/ruby/gems/2.2.0/gems/actionpack-4.2.6/lib/action_dispatch/middleware/templates/rescues/_trace.html.erb (1.8ms)
  Rendered /home/felipe/.rbenv/versions/2.2.3/lib/ruby/gems/2.2.0/gems/actionpack-4.2.6/lib/action_dispatch/middleware/templates/rescues/_request_and_response.html.erb (1.5ms)
  Rendered /home/felipe/.rbenv/versions/2.2.3/lib/ruby/gems/2.2.0/gems/actionpack-4.2.6/lib/action_dispatch/middleware/templates/rescues/diagnostics.html.erb within rescues/layout (24.6ms)
  Rendered /home/felipe/.rbenv/versions/2.2.3/lib/ruby/gems/2.2.0/gems/web-console-2.3.0/lib/web_console/templates/_markup.html.erb (0.4ms)
  Rendered /home/felipe/.rbenv/versions/2.2.3/lib/ruby/gems/2.2.0/gems/web-console-2.3.0/lib/web_console/templates/_inner_console_markup.html.erb within layouts/inlined_string (0.4ms)
  Rendered /home/felipe/.rbenv/versions/2.2.3/lib/ruby/gems/2.2.0/gems/web-console-2.3.0/lib/web_console/templates/_prompt_box_markup.html.erb within layouts/inlined_string (0.4ms)
  Rendered /home/felipe/.rbenv/versions/2.2.3/lib/ruby/gems/2.2.0/gems/web-console-2.3.0/lib/web_console/templates/style.css.erb within layouts/inlined_string (0.4ms)
  Rendered /home/felipe/.rbenv/versions/2.2.3/lib/ruby/gems/2.2.0/gems/web-console-2.3.0/lib/web_console/templates/console.js.erb within layouts/javascript (25.3ms)
  Rendered /home/felipe/.rbenv/versions/2.2.3/lib/ruby/gems/2.2.0/gems/web-console-2.3.0/lib/web_console/templates/main.js.erb within layouts/javascript (0.3ms)
  Rendered /home/felipe/.rbenv/versions/2.2.3/lib/ruby/gems/2.2.0/gems/web-console-2.3.0/lib/web_console/templates/error_page.js.erb within layouts/javascript (0.4ms)
  Rendered /home/felipe/.rbenv/versions/2.2.3/lib/ruby/gems/2.2.0/gems/web-console-2.3.0/lib/web_console/templates/index.html.erb (60.4ms)
  [1m[36m (105.6ms)[0m  [1mCREATE TABLE "schema_migrations" ("version" varchar NOT NULL) [0m
  [1m[35m (0.1ms)[0m  select sqlite_version(*)
  [1m[36m (89.1ms)[0m  [1mCREATE UNIQUE INDEX "unique_schema_migrations" ON "schema_migrations" ("version")[0m
  [1m[35mActiveRecord::SchemaMigration Load (0.1ms)[0m  SELECT "schema_migrations".* FROM "schema_migrations"
Migrating to CreateEmpresas (20160522201532)
  [1m[36m (0.1ms)[0m  [1mbegin transaction[0m
  [1m[35m (0.5ms)[0m  CREATE TABLE "empresas" ("id" INTEGER PRIMARY KEY AUTOINCREMENT NOT NULL, "nome" varchar, "created_at" datetime NOT NULL, "updated_at" datetime NOT NULL) 
  [1m[36mSQL (0.2ms)[0m  [1mINSERT INTO "schema_migrations" ("version") VALUES (?)[0m  [["version", "20160522201532"]]
  [1m[35m (98.3ms)[0m  commit transaction
Migrating to CreateIssues (20160522201603)
  [1m[36m (0.1ms)[0m  [1mbegin transaction[0m
  [1m[35m (0.2ms)[0m  CREATE TABLE "issues" ("id" INTEGER PRIMARY KEY AUTOINCREMENT NOT NULL, "nome" varchar, "sla" integer, "status" varchar, "idOwner" varchar, "created_at" datetime NOT NULL, "updated_at" datetime NOT NULL) 
  [1m[36mSQL (0.1ms)[0m  [1mINSERT INTO "schema_migrations" ("version") VALUES (?)[0m  [["version", "20160522201603"]]
  [1m[35m (98.6ms)[0m  commit transaction
Migrating to CreatePainels (20160522201620)
  [1m[36m (0.1ms)[0m  [1mbegin transaction[0m
  [1m[35m (0.2ms)[0m  CREATE TABLE "painels" ("id" INTEGER PRIMARY KEY AUTOINCREMENT NOT NULL, "nome" varchar, "created_at" datetime NOT NULL, "updated_at" datetime NOT NULL) 
  [1m[36mSQL (0.1ms)[0m  [1mINSERT INTO "schema_migrations" ("version") VALUES (?)[0m  [["version", "20160522201620"]]
  [1m[35m (110.3ms)[0m  commit transaction
Migrating to CreatePerfils (20160522201633)
  [1m[36m (0.1ms)[0m  [1mbegin transaction[0m
  [1m[35m (0.2ms)[0m  CREATE TABLE "perfils" ("id" INTEGER PRIMARY KEY AUTOINCREMENT NOT NULL, "nome" varchar, "descricao" varchar, "permissaoIssue" varchar, "permissaoProjeto" varchar, "permissaoUsuario" varchar, "permissaoPainel" varchar, "permissaoWorkflow" varchar, "created_at" datetime NOT NULL, "updated_at" datetime NOT NULL) 
  [1m[36mSQL (0.1ms)[0m  [1mINSERT INTO "schema_migrations" ("version") VALUES (?)[0m  [["version", "20160522201633"]]
  [1m[35m (87.9ms)[0m  commit transaction
Migrating to CreateProjetos (20160522201645)
  [1m[36m (0.1ms)[0m  [1mbegin transaction[0m
  [1m[35m (0.2ms)[0m  CREATE TABLE "projetos" ("id" INTEGER PRIMARY KEY AUTOINCREMENT NOT NULL, "nome" varchar, "dataInicio" date, "dataFim" date, "orcamento" decimal, "descricao" varchar, "idCliente" varchar, "created_at" datetime NOT NULL, "updated_at" datetime NOT NULL) 
  [1m[36mSQL (0.1ms)[0m  [1mINSERT INTO "schema_migrations" ("version") VALUES (?)[0m  [["version", "20160522201645"]]
  [1m[35m (87.7ms)[0m  commit transaction
Migrating to CreateRecursos (20160522201658)
  [1m[36m (0.1ms)[0m  [1mbegin transaction[0m
  [1m[35m (0.2ms)[0m  CREATE TABLE "recursos" ("id" INTEGER PRIMARY KEY AUTOINCREMENT NOT NULL, "idProjeto" varchar, "idUser" varchar, "idPerfil" varchar, "created_at" datetime NOT NULL, "updated_at" datetime NOT NULL) 
  [1m[36mSQL (0.1ms)[0m  [1mINSERT INTO "schema_migrations" ("version") VALUES (?)[0m  [["version", "20160522201658"]]
  [1m[35m (76.7ms)[0m  commit transaction
Migrating to CreateUsuarios (20160522201816)
  [1m[36m (0.1ms)[0m  [1mbegin transaction[0m
  [1m[35m (0.3ms)[0m  CREATE TABLE "usuarios" ("id" INTEGER PRIMARY KEY AUTOINCREMENT NOT NULL, "nome" varchar, "email" varchar, "senha" varchar, "created_at" datetime NOT NULL, "updated_at" datetime NOT NULL) 
  [1m[36mSQL (0.1ms)[0m  [1mINSERT INTO "schema_migrations" ("version") VALUES (?)[0m  [["version", "20160522201816"]]
  [1m[35m (76.1ms)[0m  commit transaction
Migrating to CreateCampos (20160522203142)
  [1m[36m (0.1ms)[0m  [1mbegin transaction[0m
  [1m[35m (0.2ms)[0m  CREATE TABLE "campos" ("id" INTEGER PRIMARY KEY AUTOINCREMENT NOT NULL, "nome" varchar, "tipo" varchar, "range" varchar, "isNull" boolean, "idPainel" varchar, "created_at" datetime NOT NULL, "updated_at" datetime NOT NULL) 
  [1m[36mSQL (0.1ms)[0m  [1mINSERT INTO "schema_migrations" ("version") VALUES (?)[0m  [["version", "20160522203142"]]
  [1m[35m (87.7ms)[0m  commit transaction
Migrating to CreateWorkflows (20160522203156)
  [1m[36m (0.1ms)[0m  [1mbegin transaction[0m
  [1m[35m (0.2ms)[0m  CREATE TABLE "workflows" ("id" INTEGER PRIMARY KEY AUTOINCREMENT NOT NULL, "status" varchar, "nome" varchar, "idPainel" varchar, "created_at" datetime NOT NULL, "updated_at" datetime NOT NULL) 
  [1m[36mSQL (0.1ms)[0m  [1mINSERT INTO "schema_migrations" ("version") VALUES (?)[0m  [["version", "20160522203156"]]
  [1m[35m (87.8ms)[0m  commit transaction
Migrating to CreateHistories (20160522203308)
  [1m[36m (0.1ms)[0m  [1mbegin transaction[0m
  [1m[35m (0.2ms)[0m  CREATE TABLE "histories" ("id" INTEGER PRIMARY KEY AUTOINCREMENT NOT NULL, "idIssue" varchar, "acao" varchar, "inicio" date, "fim" date, "custo" decimal, "created_at" datetime NOT NULL, "updated_at" datetime NOT NULL) 
  [1m[36mSQL (0.1ms)[0m  [1mINSERT INTO "schema_migrations" ("version") VALUES (?)[0m  [["version", "20160522203308"]]
  [1m[35m (87.9ms)[0m  commit transaction
  [1m[36mActiveRecord::SchemaMigration Load (0.1ms)[0m  [1mSELECT "schema_migrations".* FROM "schema_migrations"[0m


Started GET "/" for 127.0.0.1 at 2016-05-24 15:49:53 -0300
  [1m[36mActiveRecord::SchemaMigration Load (0.2ms)[0m  [1mSELECT "schema_migrations".* FROM "schema_migrations"[0m
Processing by IssuesController#visualizarIssue as HTML
  [1m[35mIssue Load (0.2ms)[0m  SELECT  "issues".* FROM "issues"  ORDER BY "issues"."nome" ASC LIMIT 1000
  Rendered issues/visualizarIssue.html.erb within layouts/application (2.3ms)
Completed 200 OK in 2120ms (Views: 2110.4ms | ActiveRecord: 0.3ms)


Started GET "/assets/twitter-bootstrap-static/bootstrap.self-603f330c29af013305325569c8c75d03d688963abd8cde4fffec17b5ce417bfb.css?body=1" for 127.0.0.1 at 2016-05-24 15:49:55 -0300


Started GET "/assets/twitter-bootstrap-static/fontawesome.self-2fe4f8a61d73606fbcb036b41f380591906a4da65a9eb5ec0a210fe6980b2ca7.css?body=1" for 127.0.0.1 at 2016-05-24 15:49:55 -0300


Started GET "/assets/bootstrap_and_overrides.self-2cb3834583dfbaf0a39c7139750bf963e05d79cbe811126997e013400be5d8dc.css?body=1" for 127.0.0.1 at 2016-05-24 15:49:55 -0300


Started GET "/assets/empresas.self-e3b0c44298fc1c149afbf4c8996fb92427ae41e4649b934ca495991b7852b855.css?body=1" for 127.0.0.1 at 2016-05-24 15:49:55 -0300


Started GET "/assets/issues.self-e3b0c44298fc1c149afbf4c8996fb92427ae41e4649b934ca495991b7852b855.css?body=1" for 127.0.0.1 at 2016-05-24 15:49:55 -0300


Started GET "/assets/recursos.self-e3b0c44298fc1c149afbf4c8996fb92427ae41e4649b934ca495991b7852b855.css?body=1" for 127.0.0.1 at 2016-05-24 15:49:55 -0300


Started GET "/assets/projetos.self-e3b0c44298fc1c149afbf4c8996fb92427ae41e4649b934ca495991b7852b855.css?body=1" for 127.0.0.1 at 2016-05-24 15:49:55 -0300


Started GET "/assets/perfis.self-e3b0c44298fc1c149afbf4c8996fb92427ae41e4649b934ca495991b7852b855.css?body=1" for 127.0.0.1 at 2016-05-24 15:49:55 -0300


Started GET "/assets/paineis.self-e3b0c44298fc1c149afbf4c8996fb92427ae41e4649b934ca495991b7852b855.css?body=1" for 127.0.0.1 at 2016-05-24 15:49:55 -0300


Started GET "/assets/jquery.self-660adc51e0224b731d29f575a6f1ec167ba08ad06ed5deca4f1e8654c135bf4c.js?body=1" for 127.0.0.1 at 2016-05-24 15:49:55 -0300


Started GET "/assets/usuarios.self-e3b0c44298fc1c149afbf4c8996fb92427ae41e4649b934ca495991b7852b855.css?body=1" for 127.0.0.1 at 2016-05-24 15:49:55 -0300


Started GET "/assets/application.self-e80e8f2318043e8af94dddc2adad5a4f09739a8ebb323b3ab31cd71d45fd9113.css?body=1" for 127.0.0.1 at 2016-05-24 15:49:55 -0300


Started GET "/assets/jquery_ujs.self-e87806d0cf4489aeb1bb7288016024e8de67fd18db693fe026fe3907581e53cd.js?body=1" for 127.0.0.1 at 2016-05-24 15:49:55 -0300


Started GET "/assets/twitter/bootstrap/transition.self-09ff30b1e8a93d1f7728b9855f55d9c9d8d5734c8861e0d8139994e50944572a.js?body=1" for 127.0.0.1 at 2016-05-24 15:49:55 -0300


Started GET "/assets/twitter/bootstrap/alert.self-a29e91e8cd3ddaba9bbc466901d53ec2127e9256b9b941905d525a3a716bd1a5.js?body=1" for 127.0.0.1 at 2016-05-24 15:49:55 -0300


Started GET "/assets/twitter/bootstrap/modal.self-72f95ffa1071297725a9ac91989693d56d1abf23f441a47455073b0da2857a5b.js?body=1" for 127.0.0.1 at 2016-05-24 15:49:55 -0300


Started GET "/assets/twitter/bootstrap/dropdown.self-9314126777c6be5443e37ea7f7967d7914d72b3e60449ba50edc967446373059.js?body=1" for 127.0.0.1 at 2016-05-24 15:49:55 -0300


Started GET "/assets/twitter/bootstrap/scrollspy.self-a155b9d4b2f978905f0326c0f6635e1134fe91c6bfbfcbad079fa24a9fef2b0e.js?body=1" for 127.0.0.1 at 2016-05-24 15:49:55 -0300


Started GET "/assets/twitter/bootstrap/tab.self-122235057fbd4c6c7da377d59dc58f47b44cb1088a2e38e6ee6ce9d8ac29a26a.js?body=1" for 127.0.0.1 at 2016-05-24 15:49:55 -0300


Started GET "/assets/twitter/bootstrap/popover.self-77d8e3a2499c1104ef146396a68b82469ee2bdb365199b874694698d10405e9a.js?body=1" for 127.0.0.1 at 2016-05-24 15:49:55 -0300


Started GET "/assets/twitter/bootstrap/tooltip.self-11cf547be953f25f511cec668f6690473fd97b2f65502e4032f4030999a3f0c3.js?body=1" for 127.0.0.1 at 2016-05-24 15:49:55 -0300


Started GET "/assets/twitter/bootstrap/button.self-a6cb16785434acb365ae426aef9f1fce05ed553cae7a965e4471c3da71509175.js?body=1" for 127.0.0.1 at 2016-05-24 15:49:55 -0300


Started GET "/assets/twitter/bootstrap/collapse.self-7dc8bfbc2fbfabd2bad62c58ff8ffeaf8f20fb87c7ca6cd35f06d4dc19632587.js?body=1" for 127.0.0.1 at 2016-05-24 15:49:55 -0300


Started GET "/assets/twitter/bootstrap/carousel.self-57eb8422043cf0a85b7a9dc6843916eb0a3e35b419c7798a5eb254b918997631.js?body=1" for 127.0.0.1 at 2016-05-24 15:49:55 -0300


Started GET "/assets/twitter/bootstrap/affix.self-d2b642d8fbfc1d7041e2edefd66683ada567a980789dcd6f94fddda0b33408b5.js?body=1" for 127.0.0.1 at 2016-05-24 15:49:55 -0300


Started GET "/assets/turbolinks.self-c37727e9bd6b2735da5c311aa83fead54ed0be6cc8bd9a65309e9c5abe2cbfff.js?body=1" for 127.0.0.1 at 2016-05-24 15:49:55 -0300


Started GET "/assets/twitter/bootstrap.self-fbfa5ad7d9aa0afe439ec4ff3883acc4cb92b62cb67c40d674320c9aa1d4642d.js?body=1" for 127.0.0.1 at 2016-05-24 15:49:55 -0300


Started GET "/assets/bootstrap.self-fdc98dee79ee88255e10cac6caa91338165cb76cf0d263744d8d90011fc2ef8f.js?body=1" for 127.0.0.1 at 2016-05-24 15:49:55 -0300


Started GET "/assets/empresas.self-877aef30ae1b040ab8a3aba4e3e309a11d7f2612f44dde450b5c157aa5f95c05.js?body=1" for 127.0.0.1 at 2016-05-24 15:49:55 -0300


Started GET "/assets/jquery-2.2.3.min.self-0c1f22fd006ec3137177f2e25c6077e6d62c8c5109c935f26654d1a3dc8a2eef.js?body=1" for 127.0.0.1 at 2016-05-24 15:49:55 -0300


Started GET "/assets/issues.self-877aef30ae1b040ab8a3aba4e3e309a11d7f2612f44dde450b5c157aa5f95c05.js?body=1" for 127.0.0.1 at 2016-05-24 15:49:55 -0300


Started GET "/assets/recursos.self-877aef30ae1b040ab8a3aba4e3e309a11d7f2612f44dde450b5c157aa5f95c05.js?body=1" for 127.0.0.1 at 2016-05-24 15:49:55 -0300


Started GET "/assets/paineis.self-877aef30ae1b040ab8a3aba4e3e309a11d7f2612f44dde450b5c157aa5f95c05.js?body=1" for 127.0.0.1 at 2016-05-24 15:49:55 -0300


Started GET "/assets/usuarios.self-877aef30ae1b040ab8a3aba4e3e309a11d7f2612f44dde450b5c157aa5f95c05.js?body=1" for 127.0.0.1 at 2016-05-24 15:49:55 -0300


Started GET "/assets/projetos.self-877aef30ae1b040ab8a3aba4e3e309a11d7f2612f44dde450b5c157aa5f95c05.js?body=1" for 127.0.0.1 at 2016-05-24 15:49:55 -0300


Started GET "/assets/perfis.self-877aef30ae1b040ab8a3aba4e3e309a11d7f2612f44dde450b5c157aa5f95c05.js?body=1" for 127.0.0.1 at 2016-05-24 15:49:55 -0300


Started GET "/assets/application.self-f8806224e027f3e3f0138ea9ce99319e298dfdb323304d1f1be6eae8e8c74724.js?body=1" for 127.0.0.1 at 2016-05-24 15:49:55 -0300


Started GET "/" for 127.0.0.1 at 2016-05-24 15:54:04 -0300
Processing by UsuariosController#login as HTML
  Rendered usuarios/login.html.erb within layouts/application (0.3ms)
Completed 200 OK in 77ms (Views: 76.0ms | ActiveRecord: 0.0ms)


Started GET "/" for 127.0.0.1 at 2016-05-24 15:55:19 -0300
Processing by UsuariosController#login as HTML
  Rendered usuarios/login.html.erb within layouts/application (0.3ms)
Completed 200 OK in 76ms (Views: 75.7ms | ActiveRecord: 0.0ms)


Started GET "/" for 127.0.0.1 at 2016-05-24 15:56:03 -0300
Processing by UsuariosController#login as HTML
  Rendered usuarios/login.html.erb within layouts/application (0.3ms)
Completed 200 OK in 51ms (Views: 50.5ms | ActiveRecord: 0.0ms)


Started GET "/" for 127.0.0.1 at 2016-05-24 16:00:34 -0300
Processing by IssuesController#visualizarIssue as HTML
  [1m[36mIssue Load (0.4ms)[0m  [1mSELECT  "issues".* FROM "issues"  ORDER BY "issues"."nome" ASC LIMIT 1000[0m
  Rendered issues/visualizarIssue.html.erb within layouts/application (2.2ms)
Completed 200 OK in 73ms (Views: 70.6ms | ActiveRecord: 0.5ms)
  [1m[36mIssue Load (1.1ms)[0m  [1mSELECT "issues".* FROM "issues"[0m
  [1m[35m (0.1ms)[0m  begin transaction
  [1m[36mSQL (0.4ms)[0m  [1mINSERT INTO "issues" ("nome", "status", "created_at", "updated_at") VALUES (?, ?, ?, ?)[0m  [["nome", "issueTeste"], ["status", "ativo"], ["created_at", "2016-05-24 19:01:48.958392"], ["updated_at", "2016-05-24 19:01:48.958392"]]
  [1m[35m (107.8ms)[0m  commit transaction


Started GET "/" for 127.0.0.1 at 2016-05-24 16:01:51 -0300
Processing by IssuesController#visualizarIssue as HTML
  [1m[35mIssue Load (0.3ms)[0m  SELECT  "issues".* FROM "issues"  ORDER BY "issues"."nome" ASC LIMIT 1000
  Rendered issues/visualizarIssue.html.erb within layouts/application (9.9ms)
Completed 200 OK in 64ms (Views: 62.5ms | ActiveRecord: 0.7ms)


Started GET "/" for 127.0.0.1 at 2016-05-24 16:02:33 -0300
Processing by UsuariosController#login as HTML
  Rendered usuarios/login.html.erb within layouts/application (0.0ms)
Completed 200 OK in 61ms (Views: 60.0ms | ActiveRecord: 0.0ms)


Started GET "/" for 127.0.0.1 at 2016-05-24 16:21:58 -0300
Processing by UsuariosController#login as HTML
  Rendered usuarios/login.html.erb within layouts/application (0.1ms)
Completed 200 OK in 75ms (Views: 73.9ms | ActiveRecord: 0.0ms)


Started GET "/cadastroUsuario" for 127.0.0.1 at 2016-05-24 16:22:02 -0300
Processing by UsuariosController#cadastro_usuario_inicializacaoSistema as HTML
  Rendered usuarios/cadastro_usuario_inicializacaoSistema.html.erb within layouts/application (0.6ms)
Completed 200 OK in 57ms (Views: 56.1ms | ActiveRecord: 0.0ms)


Started GET "/cadastroUsuario" for 127.0.0.1 at 2016-05-24 16:22:11 -0300
Processing by UsuariosController#cadastro_usuario_inicializacaoSistema as HTML
  Rendered usuarios/cadastro_usuario_inicializacaoSistema.html.erb within layouts/application (0.0ms)
Completed 200 OK in 73ms (Views: 72.2ms | ActiveRecord: 0.0ms)


Started GET "/cadastroUsuario" for 127.0.0.1 at 2016-05-24 16:22:56 -0300
Processing by UsuariosController#cadastro_usuario_inicializacaoSistema as HTML
  Rendered usuarios/cadastro_usuario_inicializacaoSistema.html.erb within layouts/application (0.6ms)
Completed 200 OK in 64ms (Views: 63.6ms | ActiveRecord: 0.0ms)


Started GET "/cadastroUsuario" for 127.0.0.1 at 2016-05-24 16:24:02 -0300
Processing by UsuariosController#cadastro_usuario_inicializacaoSistema as HTML
  Rendered usuarios/cadastro_usuario_inicializacaoSistema.html.erb within layouts/application (0.7ms)
Completed 200 OK in 71ms (Views: 70.8ms | ActiveRecord: 0.0ms)


Started GET "/cadastroUsuario" for 127.0.0.1 at 2016-05-24 16:26:20 -0300
Processing by UsuariosController#cadastro_usuario_inicializacaoSistema as HTML
  Rendered usuarios/cadastro_usuario_inicializacaoSistema.html.erb within layouts/application (100.4ms)
Completed 500 Internal Server Error in 104ms (ActiveRecord: 0.0ms)

ActionView::Template::Error (Asset was not declared to be precompiled in production.
Add `Rails.application.config.assets.precompile += %w( jquery.js )` to `config/initializers/assets.rb` and restart your server):
    1: <!DOCTYPE html>
    2: <html>
    3: 	<head>
    4: 		<%= javascript_include_tag "jquery", "rails", "pages" %>
    5: 		<script type="text/javascript">
    6: 			/*$(document).on('ready',function{
    7: 				alert('funcionou');	
  app/views/usuarios/cadastro_usuario_inicializacaoSistema.html.erb:4:in `_app_views_usuarios_cadastro_usuario_inicializacao_istema_html_erb__1789260839561112765_46995571281420'


  Rendered /home/felipe/.rbenv/versions/2.2.3/lib/ruby/gems/2.2.0/gems/actionpack-4.2.6/lib/action_dispatch/middleware/templates/rescues/_source.erb (6.4ms)
  Rendered /home/felipe/.rbenv/versions/2.2.3/lib/ruby/gems/2.2.0/gems/actionpack-4.2.6/lib/action_dispatch/middleware/templates/rescues/_trace.html.erb (2.8ms)
  Rendered /home/felipe/.rbenv/versions/2.2.3/lib/ruby/gems/2.2.0/gems/actionpack-4.2.6/lib/action_dispatch/middleware/templates/rescues/_request_and_response.html.erb (1.0ms)
  Rendered /home/felipe/.rbenv/versions/2.2.3/lib/ruby/gems/2.2.0/gems/actionpack-4.2.6/lib/action_dispatch/middleware/templates/rescues/template_error.html.erb within rescues/layout (25.0ms)
  Rendered /home/felipe/.rbenv/versions/2.2.3/lib/ruby/gems/2.2.0/gems/web-console-2.3.0/lib/web_console/templates/_markup.html.erb (0.5ms)
  Rendered /home/felipe/.rbenv/versions/2.2.3/lib/ruby/gems/2.2.0/gems/web-console-2.3.0/lib/web_console/templates/_inner_console_markup.html.erb within layouts/inlined_string (1.0ms)
  Rendered /home/felipe/.rbenv/versions/2.2.3/lib/ruby/gems/2.2.0/gems/web-console-2.3.0/lib/web_console/templates/_prompt_box_markup.html.erb within layouts/inlined_string (0.3ms)
  Rendered /home/felipe/.rbenv/versions/2.2.3/lib/ruby/gems/2.2.0/gems/web-console-2.3.0/lib/web_console/templates/style.css.erb within layouts/inlined_string (0.5ms)
  Rendered /home/felipe/.rbenv/versions/2.2.3/lib/ruby/gems/2.2.0/gems/web-console-2.3.0/lib/web_console/templates/console.js.erb within layouts/javascript (32.0ms)
  Rendered /home/felipe/.rbenv/versions/2.2.3/lib/ruby/gems/2.2.0/gems/web-console-2.3.0/lib/web_console/templates/main.js.erb within layouts/javascript (0.4ms)
  Rendered /home/felipe/.rbenv/versions/2.2.3/lib/ruby/gems/2.2.0/gems/web-console-2.3.0/lib/web_console/templates/error_page.js.erb within layouts/javascript (0.4ms)
  Rendered /home/felipe/.rbenv/versions/2.2.3/lib/ruby/gems/2.2.0/gems/web-console-2.3.0/lib/web_console/templates/index.html.erb (54.7ms)


Started GET "/cadastroUsuario" for 127.0.0.1 at 2016-05-24 16:29:32 -0300
Processing by UsuariosController#cadastro_usuario_inicializacaoSistema as HTML
  Rendered usuarios/cadastro_usuario_inicializacaoSistema.html.erb within layouts/application (41.3ms)
Completed 500 Internal Server Error in 44ms (ActiveRecord: 0.0ms)

ActionView::Template::Error (Asset was not declared to be precompiled in production.
Add `Rails.application.config.assets.precompile += %w( jquery.js )` to `config/initializers/assets.rb` and restart your server):
    1: <!DOCTYPE html>
    2: <html>
    3: 	<head>
    4: 		<%= javascript_include_tag "jquery", "rails", "pages" %>
    5: 		<meta name="rails-controller" content="<%= controller.controller_name %>" />
    6:         <meta name="rails-action" content="<%= controller.action_name %>" />
    7: 		<script type="text/javascript">
  app/views/usuarios/cadastro_usuario_inicializacaoSistema.html.erb:4:in `_app_views_usuarios_cadastro_usuario_inicializacao_istema_html_erb__1789260839561112765_46995572868060'


  Rendered /home/felipe/.rbenv/versions/2.2.3/lib/ruby/gems/2.2.0/gems/actionpack-4.2.6/lib/action_dispatch/middleware/templates/rescues/_source.erb (5.7ms)
  Rendered /home/felipe/.rbenv/versions/2.2.3/lib/ruby/gems/2.2.0/gems/actionpack-4.2.6/lib/action_dispatch/middleware/templates/rescues/_trace.html.erb (2.2ms)
  Rendered /home/felipe/.rbenv/versions/2.2.3/lib/ruby/gems/2.2.0/gems/actionpack-4.2.6/lib/action_dispatch/middleware/templates/rescues/_request_and_response.html.erb (1.1ms)
  Rendered /home/felipe/.rbenv/versions/2.2.3/lib/ruby/gems/2.2.0/gems/actionpack-4.2.6/lib/action_dispatch/middleware/templates/rescues/template_error.html.erb within rescues/layout (21.6ms)
  Rendered /home/felipe/.rbenv/versions/2.2.3/lib/ruby/gems/2.2.0/gems/web-console-2.3.0/lib/web_console/templates/_markup.html.erb (0.4ms)
  Rendered /home/felipe/.rbenv/versions/2.2.3/lib/ruby/gems/2.2.0/gems/web-console-2.3.0/lib/web_console/templates/_inner_console_markup.html.erb within layouts/inlined_string (0.4ms)
  Rendered /home/felipe/.rbenv/versions/2.2.3/lib/ruby/gems/2.2.0/gems/web-console-2.3.0/lib/web_console/templates/_prompt_box_markup.html.erb within layouts/inlined_string (0.3ms)
  Rendered /home/felipe/.rbenv/versions/2.2.3/lib/ruby/gems/2.2.0/gems/web-console-2.3.0/lib/web_console/templates/style.css.erb within layouts/inlined_string (0.3ms)
  Rendered /home/felipe/.rbenv/versions/2.2.3/lib/ruby/gems/2.2.0/gems/web-console-2.3.0/lib/web_console/templates/console.js.erb within layouts/javascript (17.8ms)
  Rendered /home/felipe/.rbenv/versions/2.2.3/lib/ruby/gems/2.2.0/gems/web-console-2.3.0/lib/web_console/templates/main.js.erb within layouts/javascript (0.2ms)
  Rendered /home/felipe/.rbenv/versions/2.2.3/lib/ruby/gems/2.2.0/gems/web-console-2.3.0/lib/web_console/templates/error_page.js.erb within layouts/javascript (0.4ms)
  Rendered /home/felipe/.rbenv/versions/2.2.3/lib/ruby/gems/2.2.0/gems/web-console-2.3.0/lib/web_console/templates/index.html.erb (33.7ms)


Started GET "/cadastroUsuario" for 127.0.0.1 at 2016-05-24 16:29:45 -0300
Processing by UsuariosController#cadastro_usuario_inicializacaoSistema as HTML
  Rendered usuarios/cadastro_usuario_inicializacaoSistema.html.erb within layouts/application (0.5ms)
Completed 200 OK in 61ms (Views: 60.2ms | ActiveRecord: 0.0ms)


Started GET "/cadastroUsuario" for 127.0.0.1 at 2016-05-24 16:30:09 -0300
Processing by UsuariosController#cadastro_usuario_inicializacaoSistema as HTML
  Rendered usuarios/cadastro_usuario_inicializacaoSistema.html.erb within layouts/application (0.4ms)
Completed 200 OK in 56ms (Views: 55.1ms | ActiveRecord: 0.0ms)


Started GET "/cadastroUsuario" for 127.0.0.1 at 2016-05-24 16:32:01 -0300
Processing by UsuariosController#cadastro_usuario_inicializacaoSistema as HTML
  Rendered usuarios/cadastro_usuario_inicializacaoSistema.html.erb within layouts/application (0.4ms)
Completed 200 OK in 63ms (Views: 62.3ms | ActiveRecord: 0.0ms)


Started GET "/" for 127.0.0.1 at 2016-05-24 16:32:04 -0300
Processing by UsuariosController#login as HTML
  Rendered usuarios/login.html.erb within layouts/application (0.1ms)
Completed 200 OK in 70ms (Views: 69.2ms | ActiveRecord: 0.0ms)


Started GET "/cadastroUsuario" for 127.0.0.1 at 2016-05-24 16:34:02 -0300
Processing by UsuariosController#cadastro_usuario_inicializacaoSistema as HTML
  Rendered usuarios/cadastro_usuario_inicializacaoSistema.html.erb within layouts/application (0.9ms)
Completed 200 OK in 77ms (Views: 76.7ms | ActiveRecord: 0.0ms)


Started GET "/cadastroUsuario" for 127.0.0.1 at 2016-05-24 16:35:20 -0300
Processing by UsuariosController#cadastro_usuario_inicializacaoSistema as HTML
  Rendered usuarios/cadastro_usuario_inicializacaoSistema.html.erb within layouts/application (0.6ms)
Completed 200 OK in 68ms (Views: 67.4ms | ActiveRecord: 0.0ms)


Started GET "/cadastroUsuario" for 127.0.0.1 at 2016-05-24 16:35:40 -0300
Processing by UsuariosController#cadastro_usuario_inicializacaoSistema as HTML
  Rendered usuarios/cadastro_usuario_inicializacaoSistema.html.erb within layouts/application (0.1ms)
Completed 200 OK in 60ms (Views: 59.7ms | ActiveRecord: 0.0ms)


Started GET "/cadastroUsuario" for 127.0.0.1 at 2016-05-24 16:36:31 -0300
Processing by UsuariosController#cadastro_usuario_inicializacaoSistema as HTML
  Rendered usuarios/cadastro_usuario_inicializacaoSistema.html.erb within layouts/application (0.7ms)
Completed 200 OK in 60ms (Views: 59.3ms | ActiveRecord: 0.0ms)


Started GET "/cadastroUsuario" for 127.0.0.1 at 2016-05-24 16:50:15 -0300
Processing by UsuariosController#cadastro_usuario_inicializacaoSistema as HTML
  Rendered usuarios/cadastro_usuario_inicializacaoSistema.html.erb within layouts/application (0.5ms)
Completed 200 OK in 72ms (Views: 71.7ms | ActiveRecord: 0.0ms)


Started GET "/" for 127.0.0.1 at 2016-05-24 16:50:19 -0300
Processing by UsuariosController#login as HTML
  Rendered usuarios/login.html.erb within layouts/application (0.0ms)
Completed 200 OK in 55ms (Views: 54.8ms | ActiveRecord: 0.0ms)


Started GET "/cadastroUsuario" for 127.0.0.1 at 2016-05-24 16:52:12 -0300
Processing by UsuariosController#cadastro_usuario_inicializacaoSistema as HTML
  Rendered usuarios/cadastro_usuario_inicializacaoSistema.html.erb within layouts/application (0.6ms)
Completed 200 OK in 60ms (Views: 59.6ms | ActiveRecord: 0.0ms)


Started GET "/cadastroUsuario" for 127.0.0.1 at 2016-05-24 16:52:26 -0300
Processing by UsuariosController#cadastro_usuario_inicializacaoSistema as HTML
  Rendered usuarios/cadastro_usuario_inicializacaoSistema.html.erb within layouts/application (0.6ms)
Completed 200 OK in 75ms (Views: 74.7ms | ActiveRecord: 0.0ms)


Started GET "/cadastroUsuario" for 127.0.0.1 at 2016-05-24 16:54:42 -0300
Processing by UsuariosController#cadastro_usuario_inicializacaoSistema as HTML
  Rendered usuarios/cadastro_usuario_inicializacaoSistema.html.erb within layouts/application (0.7ms)
Completed 200 OK in 72ms (Views: 71.0ms | ActiveRecord: 0.0ms)


Started GET "/cadastroUsuario" for 127.0.0.1 at 2016-05-24 16:55:41 -0300
Processing by UsuariosController#cadastro_usuario_inicializacaoSistema as HTML
  Rendered usuarios/cadastro_usuario_inicializacaoSistema.html.erb within layouts/application (0.5ms)
Completed 200 OK in 80ms (Views: 79.2ms | ActiveRecord: 0.0ms)


Started GET "/cadastroUsuario" for 127.0.0.1 at 2016-05-24 17:03:40 -0300
Processing by UsuariosController#cadastro_usuario_inicializacaoSistema as HTML
  Rendered usuarios/cadastro_usuario_inicializacaoSistema.html.erb within layouts/application (2.1ms)
Completed 200 OK in 418ms (Views: 402.7ms | ActiveRecord: 0.0ms)


Started GET "/cadastroUsuario" for 127.0.0.1 at 2016-05-24 17:06:06 -0300
Processing by UsuariosController#cadastro_usuario_inicializacaoSistema as HTML
  Rendered usuarios/cadastro_usuario_inicializacaoSistema.html.erb within layouts/application (0.8ms)
Completed 200 OK in 85ms (Views: 83.8ms | ActiveRecord: 0.0ms)


Started GET "/cadastroUsuario" for 127.0.0.1 at 2016-05-24 17:12:21 -0300
Processing by UsuariosController#cadastro_usuario_inicializacaoSistema as HTML
  Rendered usuarios/cadastro_usuario_inicializacaoSistema.html.erb within layouts/application (0.8ms)
Completed 200 OK in 71ms (Views: 70.1ms | ActiveRecord: 0.0ms)


Started GET "/" for 127.0.0.1 at 2016-05-24 17:13:54 -0300
Processing by UsuariosController#login as HTML
  Rendered usuarios/login.html.erb within layouts/application (0.0ms)
Completed 200 OK in 51ms (Views: 50.1ms | ActiveRecord: 0.0ms)


Started GET "/" for 127.0.0.1 at 2016-05-24 17:15:32 -0300
Processing by UsuariosController#login as HTML
  Rendered usuarios/login.html.erb within layouts/application (0.4ms)
Completed 200 OK in 69ms (Views: 68.1ms | ActiveRecord: 0.0ms)


Started GET "/" for 127.0.0.1 at 2016-05-24 17:15:45 -0300
Processing by UsuariosController#login as HTML
  Rendered usuarios/login.html.erb within layouts/application (0.0ms)
Completed 200 OK in 53ms (Views: 52.7ms | ActiveRecord: 0.0ms)


Started GET "/assets/twitter-bootstrap-static/bootstrap.self-603f330c29af013305325569c8c75d03d688963abd8cde4fffec17b5ce417bfb.css?body=1" for 127.0.0.1 at 2016-05-24 17:15:46 -0300


Started GET "/assets/twitter-bootstrap-static/fontawesome.self-2fe4f8a61d73606fbcb036b41f380591906a4da65a9eb5ec0a210fe6980b2ca7.css?body=1" for 127.0.0.1 at 2016-05-24 17:15:46 -0300


Started GET "/assets/bootstrap_and_overrides.self-2cb3834583dfbaf0a39c7139750bf963e05d79cbe811126997e013400be5d8dc.css?body=1" for 127.0.0.1 at 2016-05-24 17:15:46 -0300


Started GET "/assets/empresas.self-e3b0c44298fc1c149afbf4c8996fb92427ae41e4649b934ca495991b7852b855.css?body=1" for 127.0.0.1 at 2016-05-24 17:15:46 -0300


Started GET "/assets/issues.self-e3b0c44298fc1c149afbf4c8996fb92427ae41e4649b934ca495991b7852b855.css?body=1" for 127.0.0.1 at 2016-05-24 17:15:46 -0300


Started GET "/assets/perfis.self-e3b0c44298fc1c149afbf4c8996fb92427ae41e4649b934ca495991b7852b855.css?body=1" for 127.0.0.1 at 2016-05-24 17:15:46 -0300


Started GET "/assets/paineis.self-e3b0c44298fc1c149afbf4c8996fb92427ae41e4649b934ca495991b7852b855.css?body=1" for 127.0.0.1 at 2016-05-24 17:15:46 -0300


Started GET "/assets/projetos.self-e3b0c44298fc1c149afbf4c8996fb92427ae41e4649b934ca495991b7852b855.css?body=1" for 127.0.0.1 at 2016-05-24 17:15:46 -0300


Started GET "/assets/recursos.self-e3b0c44298fc1c149afbf4c8996fb92427ae41e4649b934ca495991b7852b855.css?body=1" for 127.0.0.1 at 2016-05-24 17:15:46 -0300


Started GET "/assets/application.self-e80e8f2318043e8af94dddc2adad5a4f09739a8ebb323b3ab31cd71d45fd9113.css?body=1" for 127.0.0.1 at 2016-05-24 17:15:46 -0300


Started GET "/assets/jquery.self-660adc51e0224b731d29f575a6f1ec167ba08ad06ed5deca4f1e8654c135bf4c.js?body=1" for 127.0.0.1 at 2016-05-24 17:15:46 -0300


Started GET "/assets/usuarios.self-e3b0c44298fc1c149afbf4c8996fb92427ae41e4649b934ca495991b7852b855.css?body=1" for 127.0.0.1 at 2016-05-24 17:15:46 -0300


Started GET "/assets/jquery_ujs.self-e87806d0cf4489aeb1bb7288016024e8de67fd18db693fe026fe3907581e53cd.js?body=1" for 127.0.0.1 at 2016-05-24 17:15:46 -0300


Started GET "/assets/twitter/bootstrap/alert.self-a29e91e8cd3ddaba9bbc466901d53ec2127e9256b9b941905d525a3a716bd1a5.js?body=1" for 127.0.0.1 at 2016-05-24 17:15:46 -0300


Started GET "/assets/twitter/bootstrap/transition.self-09ff30b1e8a93d1f7728b9855f55d9c9d8d5734c8861e0d8139994e50944572a.js?body=1" for 127.0.0.1 at 2016-05-24 17:15:46 -0300


Started GET "/assets/twitter/bootstrap/modal.self-72f95ffa1071297725a9ac91989693d56d1abf23f441a47455073b0da2857a5b.js?body=1" for 127.0.0.1 at 2016-05-24 17:15:46 -0300


Started GET "/assets/twitter/bootstrap/tooltip.self-11cf547be953f25f511cec668f6690473fd97b2f65502e4032f4030999a3f0c3.js?body=1" for 127.0.0.1 at 2016-05-24 17:15:46 -0300


Started GET "/assets/twitter/bootstrap/tab.self-122235057fbd4c6c7da377d59dc58f47b44cb1088a2e38e6ee6ce9d8ac29a26a.js?body=1" for 127.0.0.1 at 2016-05-24 17:15:46 -0300


Started GET "/assets/twitter/bootstrap/scrollspy.self-a155b9d4b2f978905f0326c0f6635e1134fe91c6bfbfcbad079fa24a9fef2b0e.js?body=1" for 127.0.0.1 at 2016-05-24 17:15:46 -0300


Started GET "/assets/twitter/bootstrap/dropdown.self-9314126777c6be5443e37ea7f7967d7914d72b3e60449ba50edc967446373059.js?body=1" for 127.0.0.1 at 2016-05-24 17:15:46 -0300


Started GET "/assets/twitter/bootstrap/popover.self-77d8e3a2499c1104ef146396a68b82469ee2bdb365199b874694698d10405e9a.js?body=1" for 127.0.0.1 at 2016-05-24 17:15:46 -0300


Started GET "/assets/twitter/bootstrap/button.self-a6cb16785434acb365ae426aef9f1fce05ed553cae7a965e4471c3da71509175.js?body=1" for 127.0.0.1 at 2016-05-24 17:15:46 -0300


Started GET "/assets/twitter/bootstrap/collapse.self-7dc8bfbc2fbfabd2bad62c58ff8ffeaf8f20fb87c7ca6cd35f06d4dc19632587.js?body=1" for 127.0.0.1 at 2016-05-24 17:15:46 -0300


Started GET "/assets/twitter/bootstrap/carousel.self-57eb8422043cf0a85b7a9dc6843916eb0a3e35b419c7798a5eb254b918997631.js?body=1" for 127.0.0.1 at 2016-05-24 17:15:46 -0300


Started GET "/assets/twitter/bootstrap.self-fbfa5ad7d9aa0afe439ec4ff3883acc4cb92b62cb67c40d674320c9aa1d4642d.js?body=1" for 127.0.0.1 at 2016-05-24 17:15:46 -0300


Started GET "/assets/twitter/bootstrap/affix.self-d2b642d8fbfc1d7041e2edefd66683ada567a980789dcd6f94fddda0b33408b5.js?body=1" for 127.0.0.1 at 2016-05-24 17:15:46 -0300


Started GET "/assets/turbolinks.self-c37727e9bd6b2735da5c311aa83fead54ed0be6cc8bd9a65309e9c5abe2cbfff.js?body=1" for 127.0.0.1 at 2016-05-24 17:15:46 -0300


Started GET "/assets/bootstrap.self-fdc98dee79ee88255e10cac6caa91338165cb76cf0d263744d8d90011fc2ef8f.js?body=1" for 127.0.0.1 at 2016-05-24 17:15:46 -0300


Started GET "/assets/empresas.self-877aef30ae1b040ab8a3aba4e3e309a11d7f2612f44dde450b5c157aa5f95c05.js?body=1" for 127.0.0.1 at 2016-05-24 17:15:46 -0300


Started GET "/assets/paineis.self-877aef30ae1b040ab8a3aba4e3e309a11d7f2612f44dde450b5c157aa5f95c05.js?body=1" for 127.0.0.1 at 2016-05-24 17:15:46 -0300


Started GET "/assets/issues.self-877aef30ae1b040ab8a3aba4e3e309a11d7f2612f44dde450b5c157aa5f95c05.js?body=1" for 127.0.0.1 at 2016-05-24 17:15:46 -0300


Started GET "/assets/jquery-2.2.3.min.self-0c1f22fd006ec3137177f2e25c6077e6d62c8c5109c935f26654d1a3dc8a2eef.js?body=1" for 127.0.0.1 at 2016-05-24 17:15:46 -0300


Started GET "/assets/perfis.self-877aef30ae1b040ab8a3aba4e3e309a11d7f2612f44dde450b5c157aa5f95c05.js?body=1" for 127.0.0.1 at 2016-05-24 17:15:46 -0300


Started GET "/assets/projetos.self-877aef30ae1b040ab8a3aba4e3e309a11d7f2612f44dde450b5c157aa5f95c05.js?body=1" for 127.0.0.1 at 2016-05-24 17:15:46 -0300


Started GET "/assets/recursos.self-877aef30ae1b040ab8a3aba4e3e309a11d7f2612f44dde450b5c157aa5f95c05.js?body=1" for 127.0.0.1 at 2016-05-24 17:15:46 -0300


Started GET "/assets/usuarios.self-877aef30ae1b040ab8a3aba4e3e309a11d7f2612f44dde450b5c157aa5f95c05.js?body=1" for 127.0.0.1 at 2016-05-24 17:15:46 -0300


Started GET "/assets/application.self-f8806224e027f3e3f0138ea9ce99319e298dfdb323304d1f1be6eae8e8c74724.js?body=1" for 127.0.0.1 at 2016-05-24 17:15:46 -0300


Started GET "/" for 127.0.0.1 at 2016-05-24 17:15:48 -0300
Processing by UsuariosController#login as HTML
  Rendered usuarios/login.html.erb within layouts/application (0.0ms)
Completed 200 OK in 71ms (Views: 70.1ms | ActiveRecord: 0.0ms)


Started GET "/" for 127.0.0.1 at 2016-05-24 17:16:00 -0300
Processing by UsuariosController#login as HTML
  Rendered usuarios/login.html.erb within layouts/application (0.4ms)
Completed 200 OK in 54ms (Views: 53.7ms | ActiveRecord: 0.0ms)


Started GET "/cadastroUsuario" for 127.0.0.1 at 2016-05-24 17:16:04 -0300
Processing by UsuariosController#cadastro_usuario_inicializacaoSistema as HTML
  Rendered usuarios/cadastro_usuario_inicializacaoSistema.html.erb within layouts/application (0.1ms)
Completed 200 OK in 63ms (Views: 62.6ms | ActiveRecord: 0.0ms)


Started GET "/" for 127.0.0.1 at 2016-05-24 17:16:14 -0300
Processing by UsuariosController#login as HTML
  Rendered usuarios/login.html.erb within layouts/application (0.1ms)
Completed 200 OK in 70ms (Views: 69.5ms | ActiveRecord: 0.0ms)


Started GET "/" for 127.0.0.1 at 2016-05-24 17:16:14 -0300
Processing by UsuariosController#login as HTML
  Rendered usuarios/login.html.erb within layouts/application (0.2ms)
Completed 200 OK in 62ms (Views: 61.6ms | ActiveRecord: 0.0ms)
